 
*********** train:  1 : coat_length_labels *************
coat_length_labels: train pics:: 10188 val pics: 1132
Epoch:1/90 Lr=0.0100 | train Loss:0.9040 Acc:0.6672 [3.7mins/45.0pics] | val Loss:0.5473 Acc:0.8057 [0.4mins/50.0pics]
save epoch:1 acc:0.8056537102473498
Epoch:2/90 Lr=0.0100 | train Loss:0.5438 Acc:0.8017 [3.7mins/46.0pics] | val Loss:0.6719 Acc:0.8127 [0.2mins/94.0pics]
save epoch:2 acc:0.8127208480565371
Epoch:3/90 Lr=0.0100 | train Loss:0.4039 Acc:0.8521 [3.7mins/46.0pics] | val Loss:0.4996 Acc:0.8295 [0.2mins/97.0pics]
save epoch:3 acc:0.8295053003533569
Epoch:4/90 Lr=0.0100 | train Loss:0.3279 Acc:0.8825 [3.7mins/46.0pics] | val Loss:0.4386 Acc:0.8489 [0.2mins/92.0pics]
save epoch:4 acc:0.848939929328622
Epoch:5/90 Lr=0.0100 | train Loss:0.2633 Acc:0.9057 [3.7mins/46.0pics] | val Loss:0.5257 Acc:0.8313 [0.2mins/92.0pics]
Epoch:6/90 Lr=0.0100 | train Loss:0.2155 Acc:0.9250 [3.7mins/45.0pics] | val Loss:0.6629 Acc:0.8074 [0.2mins/95.0pics]
Epoch:7/90 Lr=0.0100 | train Loss:0.1701 Acc:0.9415 [3.7mins/46.0pics] | val Loss:0.6806 Acc:0.8083 [0.2mins/93.0pics]
Epoch:8/90 Lr=0.0100 | train Loss:0.1643 Acc:0.9434 [3.7mins/46.0pics] | val Loss:0.5229 Acc:0.8383 [0.2mins/96.0pics]
Epoch:9/90 Lr=0.0100 | train Loss:0.1283 Acc:0.9548 [3.7mins/46.0pics] | val Loss:0.7109 Acc:0.8012 [0.2mins/95.0pics]
Epoch:10/90 Lr=0.0100 | train Loss:0.1298 Acc:0.9563 [3.7mins/45.0pics] | val Loss:0.6982 Acc:0.8154 [0.2mins/94.0pics]
Epoch:11/90 Lr=0.0100 | train Loss:0.1045 Acc:0.9624 [3.7mins/45.0pics] | val Loss:0.5758 Acc:0.8383 [0.2mins/94.0pics]
Epoch:12/90 Lr=0.0100 | train Loss:0.0922 Acc:0.9675 [3.7mins/45.0pics] | val Loss:0.6030 Acc:0.8366 [0.2mins/95.0pics]
Epoch:13/90 Lr=0.0100 | train Loss:0.0927 Acc:0.9694 [3.7mins/45.0pics] | val Loss:0.6042 Acc:0.8392 [0.2mins/97.0pics]
Epoch:14/90 Lr=0.0100 | train Loss:0.0709 Acc:0.9770 [3.7mins/45.0pics] | val Loss:0.6925 Acc:0.8304 [0.2mins/95.0pics]
Epoch:15/90 Lr=0.0100 | train Loss:0.0655 Acc:0.9767 [3.7mins/46.0pics] | val Loss:0.7828 Acc:0.8127 [0.2mins/91.0pics]
Epoch:16/90 Lr=0.0100 | train Loss:0.0801 Acc:0.9727 [3.7mins/45.0pics] | val Loss:0.7840 Acc:0.8163 [0.2mins/95.0pics]
Epoch:17/90 Lr=0.0100 | train Loss:0.0669 Acc:0.9779 [3.7mins/45.0pics] | val Loss:0.6960 Acc:0.8216 [0.2mins/94.0pics]
Epoch:18/90 Lr=0.0100 | train Loss:0.0456 Acc:0.9840 [3.7mins/45.0pics] | val Loss:0.8526 Acc:0.8207 [0.2mins/95.0pics]
Epoch:19/90 Lr=0.0100 | train Loss:0.0542 Acc:0.9821 [3.7mins/45.0pics] | val Loss:0.7032 Acc:0.8330 [0.2mins/97.0pics]
Epoch:20/90 Lr=0.0100 | train Loss:0.0334 Acc:0.9885 [3.7mins/45.0pics] | val Loss:0.6967 Acc:0.8507 [0.2mins/96.0pics]
save epoch:20 acc:0.8507067137809188
Epoch:21/90 Lr=0.0100 | train Loss:0.0310 Acc:0.9898 [3.7mins/46.0pics] | val Loss:0.7925 Acc:0.8189 [0.2mins/96.0pics]
Epoch:22/90 Lr=0.0100 | train Loss:0.0379 Acc:0.9863 [3.7mins/45.0pics] | val Loss:0.6766 Acc:0.8428 [0.2mins/97.0pics]
Epoch:23/90 Lr=0.0100 | train Loss:0.0235 Acc:0.9919 [3.7mins/45.0pics] | val Loss:0.8441 Acc:0.8145 [0.2mins/94.0pics]
Epoch:24/90 Lr=0.0100 | train Loss:0.0422 Acc:0.9869 [3.7mins/45.0pics] | val Loss:0.6751 Acc:0.8472 [0.2mins/95.0pics]
Epoch:25/90 Lr=0.0100 | train Loss:0.0310 Acc:0.9906 [3.7mins/45.0pics] | val Loss:0.7689 Acc:0.8330 [0.2mins/97.0pics]
Epoch:26/90 Lr=0.0100 | train Loss:0.0154 Acc:0.9946 [3.7mins/45.0pics] | val Loss:0.7868 Acc:0.8401 [0.2mins/92.0pics]
Epoch:27/90 Lr=0.0100 | train Loss:0.0206 Acc:0.9921 [3.7mins/45.0pics] | val Loss:0.7976 Acc:0.8375 [0.2mins/92.0pics]
Epoch:28/90 Lr=0.0100 | train Loss:0.0270 Acc:0.9911 [3.7mins/45.0pics] | val Loss:0.6531 Acc:0.8507 [0.2mins/96.0pics]
Epoch:29/90 Lr=0.0100 | train Loss:0.0214 Acc:0.9918 [3.7mins/45.0pics] | val Loss:0.7465 Acc:0.8498 [0.2mins/94.0pics]
Epoch:30/90 Lr=0.0100 | train Loss:0.0373 Acc:0.9874 [3.7mins/45.0pics] | val Loss:0.7576 Acc:0.8101 [0.2mins/94.0pics]
Epoch:31/90 Lr=0.0010 | train Loss:0.0179 Acc:0.9946 [3.7mins/45.0pics] | val Loss:0.6786 Acc:0.8419 [0.2mins/96.0pics]
Epoch:32/90 Lr=0.0010 | train Loss:0.0105 Acc:0.9975 [3.7mins/45.0pics] | val Loss:0.6766 Acc:0.8401 [0.2mins/96.0pics]
Epoch:33/90 Lr=0.0010 | train Loss:0.0073 Acc:0.9980 [3.7mins/45.0pics] | val Loss:0.6486 Acc:0.8507 [0.2mins/94.0pics]
Epoch:34/90 Lr=0.0010 | train Loss:0.0057 Acc:0.9983 [3.7mins/45.0pics] | val Loss:0.6675 Acc:0.8419 [0.2mins/92.0pics]
Epoch:35/90 Lr=0.0010 | train Loss:0.0047 Acc:0.9991 [3.7mins/45.0pics] | val Loss:0.6675 Acc:0.8463 [0.2mins/94.0pics]
Epoch:36/90 Lr=0.0010 | train Loss:0.0040 Acc:0.9990 [3.7mins/45.0pics] | val Loss:0.6685 Acc:0.8481 [0.2mins/92.0pics]
Epoch:37/90 Lr=0.0010 | train Loss:0.0027 Acc:0.9995 [3.7mins/45.0pics] | val Loss:0.6569 Acc:0.8445 [0.2mins/93.0pics]
Epoch:38/90 Lr=0.0010 | train Loss:0.0028 Acc:0.9995 [3.7mins/45.0pics] | val Loss:0.6614 Acc:0.8445 [0.2mins/93.0pics]
Epoch:39/90 Lr=0.0010 | train Loss:0.0022 Acc:0.9996 [3.7mins/45.0pics] | val Loss:0.6806 Acc:0.8410 [0.2mins/96.0pics]
Epoch:40/90 Lr=0.0010 | train Loss:0.0025 Acc:0.9995 [3.7mins/45.0pics] | val Loss:0.6429 Acc:0.8516 [0.2mins/95.0pics]
save epoch:40 acc:0.8515901060070671
Epoch:41/90 Lr=0.0010 | train Loss:0.0027 Acc:0.9993 [3.7mins/45.0pics] | val Loss:0.6735 Acc:0.8507 [0.2mins/94.0pics]
Epoch:42/90 Lr=0.0010 | train Loss:0.0021 Acc:0.9995 [3.7mins/45.0pics] | val Loss:0.6948 Acc:0.8428 [0.2mins/94.0pics]
Epoch:43/90 Lr=0.0010 | train Loss:0.0019 Acc:0.9996 [3.7mins/46.0pics] | val Loss:0.6794 Acc:0.8525 [0.2mins/95.0pics]
save epoch:43 acc:0.8524734982332155
Epoch:44/90 Lr=0.0010 | train Loss:0.0028 Acc:0.9993 [3.7mins/45.0pics] | val Loss:0.6606 Acc:0.8516 [0.2mins/96.0pics]
Epoch:45/90 Lr=0.0010 | train Loss:0.0021 Acc:0.9995 [3.7mins/45.0pics] | val Loss:0.6721 Acc:0.8498 [0.2mins/95.0pics]
Epoch:46/90 Lr=0.0010 | train Loss:0.0018 Acc:0.9997 [3.7mins/45.0pics] | val Loss:0.6568 Acc:0.8613 [0.2mins/96.0pics]
save epoch:46 acc:0.8613074204946997
Epoch:47/90 Lr=0.0010 | train Loss:0.0015 Acc:0.9997 [3.7mins/45.0pics] | val Loss:0.6500 Acc:0.8534 [0.2mins/95.0pics]
Epoch:48/90 Lr=0.0010 | train Loss:0.0021 Acc:0.9995 [3.7mins/45.0pics] | val Loss:0.6651 Acc:0.8542 [0.2mins/96.0pics]
Epoch:49/90 Lr=0.0010 | train Loss:0.0014 Acc:0.9999 [3.7mins/45.0pics] | val Loss:0.6696 Acc:0.8551 [0.2mins/95.0pics]
Epoch:50/90 Lr=0.0010 | train Loss:0.0015 Acc:0.9998 [3.7mins/45.0pics] | val Loss:0.6631 Acc:0.8569 [0.2mins/95.0pics]
Epoch:51/90 Lr=0.0010 | train Loss:0.0015 Acc:0.9997 [3.7mins/45.0pics] | val Loss:0.6627 Acc:0.8578 [0.2mins/94.0pics]
Epoch:52/90 Lr=0.0010 | train Loss:0.0012 Acc:0.9999 [3.7mins/46.0pics] | val Loss:0.6768 Acc:0.8578 [0.2mins/97.0pics]
Epoch:53/90 Lr=0.0010 | train Loss:0.0011 Acc:1.0000 [3.7mins/45.0pics] | val Loss:0.6701 Acc:0.8560 [0.2mins/95.0pics]
Epoch:54/90 Lr=0.0010 | train Loss:0.0016 Acc:0.9996 [3.7mins/45.0pics] | val Loss:0.6645 Acc:0.8489 [0.2mins/91.0pics]
Epoch:55/90 Lr=0.0010 | train Loss:0.0011 Acc:0.9999 [3.7mins/45.0pics] | val Loss:0.6593 Acc:0.8569 [0.2mins/93.0pics]
Epoch:56/90 Lr=0.0001 | train Loss:0.0016 Acc:0.9997 [3.7mins/45.0pics] | val Loss:0.6729 Acc:0.8516 [0.2mins/93.0pics]
Epoch:57/90 Lr=0.0001 | train Loss:0.0014 Acc:0.9998 [3.7mins/45.0pics] | val Loss:0.6790 Acc:0.8516 [0.2mins/95.0pics]
Epoch:58/90 Lr=0.0001 | train Loss:0.0009 Acc:0.9999 [3.7mins/45.0pics] | val Loss:0.7058 Acc:0.8481 [0.2mins/94.0pics]
Epoch:59/90 Lr=0.0001 | train Loss:0.0015 Acc:0.9996 [3.7mins/45.0pics] | val Loss:0.6890 Acc:0.8507 [0.2mins/96.0pics]
Epoch:60/90 Lr=0.0001 | train Loss:0.0013 Acc:0.9998 [3.7mins/45.0pics] | val Loss:0.6829 Acc:0.8542 [0.2mins/95.0pics]
Epoch:61/90 Lr=0.0001 | train Loss:0.0015 Acc:0.9997 [3.7mins/45.0pics] | val Loss:0.6596 Acc:0.8551 [0.2mins/94.0pics]
Epoch:62/90 Lr=0.0001 | train Loss:0.0008 Acc:1.0000 [3.7mins/45.0pics] | val Loss:0.7017 Acc:0.8472 [0.2mins/95.0pics]
Epoch:63/90 Lr=0.0001 | train Loss:0.0009 Acc:1.0000 [3.7mins/45.0pics] | val Loss:0.6716 Acc:0.8551 [0.2mins/96.0pics]
Epoch:64/90 Lr=0.0001 | train Loss:0.0009 Acc:0.9999 [3.7mins/45.0pics] | val Loss:0.6803 Acc:0.8542 [0.2mins/95.0pics]
Epoch:65/90 Lr=0.0001 | train Loss:0.0008 Acc:0.9999 [3.7mins/45.0pics] | val Loss:0.6862 Acc:0.8489 [0.2mins/95.0pics]
Epoch:66/90 Lr=0.0001 | train Loss:0.0011 Acc:0.9999 [3.7mins/45.0pics] | val Loss:0.6880 Acc:0.8489 [0.2mins/94.0pics]
Epoch:67/90 Lr=0.0001 | train Loss:0.0012 Acc:0.9999 [3.7mins/45.0pics] | val Loss:0.6771 Acc:0.8542 [0.2mins/95.0pics]
Epoch:68/90 Lr=0.0001 | train Loss:0.0011 Acc:0.9998 [3.7mins/45.0pics] | val Loss:0.6460 Acc:0.8551 [0.2mins/94.0pics]
Epoch:69/90 Lr=0.0001 | train Loss:0.0009 Acc:1.0000 [3.7mins/45.0pics] | val Loss:0.6654 Acc:0.8507 [0.2mins/95.0pics]
Epoch:70/90 Lr=0.0001 | train Loss:0.0009 Acc:0.9999 [3.7mins/45.0pics] | val Loss:0.6768 Acc:0.8542 [0.2mins/94.0pics]
Epoch:71/90 Lr=0.0001 | train Loss:0.0012 Acc:0.9998 [3.7mins/45.0pics] | val Loss:0.6762 Acc:0.8525 [0.2mins/94.0pics]
Epoch:72/90 Lr=0.0001 | train Loss:0.0009 Acc:1.0000 [3.7mins/45.0pics] | val Loss:0.6842 Acc:0.8525 [0.2mins/96.0pics]
Epoch:73/90 Lr=0.0001 | train Loss:0.0012 Acc:0.9999 [3.7mins/45.0pics] | val Loss:0.6868 Acc:0.8525 [0.2mins/92.0pics]
Epoch:74/90 Lr=0.0001 | train Loss:0.0008 Acc:0.9999 [3.7mins/45.0pics] | val Loss:0.6961 Acc:0.8507 [0.2mins/94.0pics]
Epoch:75/90 Lr=0.0001 | train Loss:0.0011 Acc:0.9998 [3.7mins/45.0pics] | val Loss:0.6838 Acc:0.8542 [0.2mins/94.0pics]
Epoch:76/90 Lr=0.0001 | train Loss:0.0013 Acc:0.9997 [3.7mins/45.0pics] | val Loss:0.6850 Acc:0.8489 [0.2mins/95.0pics]
Epoch:77/90 Lr=0.0001 | train Loss:0.0010 Acc:0.9999 [3.7mins/45.0pics] | val Loss:0.6860 Acc:0.8507 [0.2mins/93.0pics]
Epoch:78/90 Lr=0.0001 | train Loss:0.0013 Acc:0.9997 [3.7mins/45.0pics] | val Loss:0.6596 Acc:0.8551 [0.2mins/96.0pics]
Epoch:79/90 Lr=0.0001 | train Loss:0.0009 Acc:1.0000 [3.7mins/45.0pics] | val Loss:0.6745 Acc:0.8534 [0.2mins/96.0pics]
Epoch:80/90 Lr=0.0001 | train Loss:0.0011 Acc:0.9998 [3.7mins/45.0pics] | val Loss:0.6833 Acc:0.8534 [0.2mins/95.0pics]
Epoch:81/90 Lr=0.0000 | train Loss:0.0008 Acc:0.9999 [3.7mins/45.0pics] | val Loss:0.6902 Acc:0.8525 [0.2mins/92.0pics]
Epoch:82/90 Lr=0.0000 | train Loss:0.0011 Acc:0.9999 [3.7mins/45.0pics] | val Loss:0.6706 Acc:0.8516 [0.2mins/95.0pics]
Epoch:83/90 Lr=0.0000 | train Loss:0.0008 Acc:1.0000 [3.7mins/45.0pics] | val Loss:0.6664 Acc:0.8587 [0.2mins/95.0pics]
Epoch:84/90 Lr=0.0000 | train Loss:0.0010 Acc:0.9999 [3.7mins/45.0pics] | val Loss:0.6780 Acc:0.8534 [0.2mins/96.0pics]
Epoch:85/90 Lr=0.0000 | train Loss:0.0010 Acc:0.9999 [3.7mins/45.0pics] | val Loss:0.6676 Acc:0.8542 [0.2mins/94.0pics]
Epoch:86/90 Lr=0.0000 | train Loss:0.0009 Acc:0.9998 [3.7mins/45.0pics] | val Loss:0.6781 Acc:0.8560 [0.2mins/96.0pics]
Epoch:87/90 Lr=0.0000 | train Loss:0.0007 Acc:1.0000 [3.7mins/45.0pics] | val Loss:0.6996 Acc:0.8516 [0.2mins/96.0pics]
Epoch:88/90 Lr=0.0000 | train Loss:0.0019 Acc:0.9997 [3.7mins/45.0pics] | val Loss:0.6986 Acc:0.8481 [0.2mins/98.0pics]
Epoch:89/90 Lr=0.0000 | train Loss:0.0013 Acc:0.9997 [3.7mins/45.0pics] | val Loss:0.6884 Acc:0.8542 [0.2mins/96.0pics]
Epoch:90/90 Lr=0.0000 | train Loss:0.0011 Acc:0.9997 [3.7mins/45.0pics] | val Loss:0.6820 Acc:0.8542 [0.2mins/96.0pics]
 
*********** train:  2 : collar_design_labels *************
collar_design_labels: train pics:: 7553 val pics: 839
Epoch:1/90 Lr=0.0100 | train Loss:0.8551 Acc:0.6796 [3.0mins/42.0pics] | val Loss:0.5645 Acc:0.7938 [0.3mins/45.0pics]
save epoch:1 acc:0.7938021454112039
Epoch:2/90 Lr=0.0100 | train Loss:0.5008 Acc:0.8221 [2.7mins/45.0pics] | val Loss:0.5067 Acc:0.8105 [0.1mins/95.0pics]
save epoch:2 acc:0.8104886769964244
Epoch:3/90 Lr=0.0100 | train Loss:0.3713 Acc:0.8700 [2.8mins/45.0pics] | val Loss:0.4023 Acc:0.8498 [0.1mins/95.0pics]
save epoch:3 acc:0.8498212157330155
Epoch:4/90 Lr=0.0100 | train Loss:0.2902 Acc:0.8971 [2.8mins/45.0pics] | val Loss:0.5554 Acc:0.8319 [0.1mins/97.0pics]
Epoch:5/90 Lr=0.0100 | train Loss:0.2292 Acc:0.9190 [2.7mins/45.0pics] | val Loss:0.5978 Acc:0.8069 [0.1mins/95.0pics]
Epoch:6/90 Lr=0.0100 | train Loss:0.2005 Acc:0.9281 [2.8mins/45.0pics] | val Loss:0.5396 Acc:0.8248 [0.1mins/94.0pics]
Epoch:7/90 Lr=0.0100 | train Loss:0.1716 Acc:0.9384 [2.7mins/45.0pics] | val Loss:0.5360 Acc:0.8319 [0.1mins/96.0pics]
Epoch:8/90 Lr=0.0100 | train Loss:0.1433 Acc:0.9500 [2.8mins/45.0pics] | val Loss:0.7141 Acc:0.8153 [0.2mins/89.0pics]
Epoch:9/90 Lr=0.0100 | train Loss:0.1265 Acc:0.9572 [2.8mins/45.0pics] | val Loss:0.6479 Acc:0.8379 [0.1mins/94.0pics]
Epoch:10/90 Lr=0.0100 | train Loss:0.0991 Acc:0.9664 [2.7mins/45.0pics] | val Loss:0.7531 Acc:0.8129 [0.1mins/96.0pics]
Epoch:11/90 Lr=0.0100 | train Loss:0.0936 Acc:0.9681 [2.8mins/45.0pics] | val Loss:0.6255 Acc:0.8415 [0.1mins/94.0pics]
Epoch:12/90 Lr=0.0100 | train Loss:0.0749 Acc:0.9748 [2.8mins/45.0pics] | val Loss:0.5677 Acc:0.8594 [0.1mins/94.0pics]
save epoch:12 acc:0.8593563766388558
Epoch:13/90 Lr=0.0100 | train Loss:0.0610 Acc:0.9788 [2.8mins/45.0pics] | val Loss:0.5812 Acc:0.8725 [0.1mins/95.0pics]
save epoch:13 acc:0.8724672228843862
Epoch:14/90 Lr=0.0100 | train Loss:0.0666 Acc:0.9767 [2.8mins/45.0pics] | val Loss:0.6089 Acc:0.8558 [0.1mins/94.0pics]
Epoch:15/90 Lr=0.0100 | train Loss:0.0492 Acc:0.9836 [2.8mins/45.0pics] | val Loss:0.5566 Acc:0.8737 [0.1mins/94.0pics]
save epoch:15 acc:0.8736591179976162
Epoch:16/90 Lr=0.0100 | train Loss:0.0506 Acc:0.9848 [2.7mins/45.0pics] | val Loss:0.6810 Acc:0.8391 [0.1mins/93.0pics]
Epoch:17/90 Lr=0.0100 | train Loss:0.0461 Acc:0.9845 [2.8mins/45.0pics] | val Loss:0.6500 Acc:0.8570 [0.1mins/95.0pics]
Epoch:18/90 Lr=0.0100 | train Loss:0.0405 Acc:0.9861 [2.8mins/45.0pics] | val Loss:0.5961 Acc:0.8522 [0.1mins/96.0pics]
Epoch:19/90 Lr=0.0100 | train Loss:0.0378 Acc:0.9901 [2.7mins/45.0pics] | val Loss:0.7356 Acc:0.8629 [0.1mins/97.0pics]
Epoch:20/90 Lr=0.0100 | train Loss:0.0514 Acc:0.9823 [2.7mins/45.0pics] | val Loss:0.7149 Acc:0.8474 [0.1mins/95.0pics]
Epoch:21/90 Lr=0.0100 | train Loss:0.0360 Acc:0.9873 [2.7mins/45.0pics] | val Loss:0.7097 Acc:0.8415 [0.1mins/97.0pics]
Epoch:22/90 Lr=0.0100 | train Loss:0.0394 Acc:0.9869 [2.8mins/45.0pics] | val Loss:0.8916 Acc:0.8308 [0.1mins/95.0pics]
Epoch:23/90 Lr=0.0100 | train Loss:0.0411 Acc:0.9864 [2.8mins/45.0pics] | val Loss:0.6793 Acc:0.8415 [0.1mins/94.0pics]
Epoch:24/90 Lr=0.0100 | train Loss:0.0334 Acc:0.9891 [2.7mins/46.0pics] | val Loss:0.6226 Acc:0.8594 [0.1mins/94.0pics]
Epoch:25/90 Lr=0.0100 | train Loss:0.0369 Acc:0.9882 [2.7mins/46.0pics] | val Loss:0.7658 Acc:0.8403 [0.1mins/94.0pics]
Epoch:26/90 Lr=0.0100 | train Loss:0.0279 Acc:0.9895 [2.7mins/46.0pics] | val Loss:0.7054 Acc:0.8558 [0.1mins/93.0pics]
Epoch:27/90 Lr=0.0100 | train Loss:0.0166 Acc:0.9955 [2.7mins/46.0pics] | val Loss:0.8814 Acc:0.8462 [0.1mins/96.0pics]
Epoch:28/90 Lr=0.0100 | train Loss:0.0480 Acc:0.9848 [2.7mins/46.0pics] | val Loss:0.7111 Acc:0.8737 [0.1mins/95.0pics]
Epoch:29/90 Lr=0.0100 | train Loss:0.0190 Acc:0.9943 [2.7mins/46.0pics] | val Loss:0.7505 Acc:0.8546 [0.1mins/95.0pics]
Epoch:30/90 Lr=0.0100 | train Loss:0.0155 Acc:0.9951 [2.7mins/46.0pics] | val Loss:0.8583 Acc:0.8391 [0.2mins/90.0pics]
Epoch:31/90 Lr=0.0010 | train Loss:0.0117 Acc:0.9962 [2.7mins/46.0pics] | val Loss:0.6927 Acc:0.8689 [0.2mins/91.0pics]
Epoch:32/90 Lr=0.0010 | train Loss:0.0057 Acc:0.9987 [2.7mins/45.0pics] | val Loss:0.7032 Acc:0.8689 [0.1mins/95.0pics]
Epoch:33/90 Lr=0.0010 | train Loss:0.0033 Acc:0.9993 [2.7mins/46.0pics] | val Loss:0.7277 Acc:0.8677 [0.1mins/94.0pics]
Epoch:34/90 Lr=0.0010 | train Loss:0.0037 Acc:0.9989 [2.7mins/45.0pics] | val Loss:0.7102 Acc:0.8737 [0.1mins/97.0pics]
Epoch:35/90 Lr=0.0010 | train Loss:0.0034 Acc:0.9988 [2.7mins/46.0pics] | val Loss:0.7121 Acc:0.8737 [0.1mins/99.0pics]
Epoch:36/90 Lr=0.0010 | train Loss:0.0027 Acc:0.9993 [2.7mins/45.0pics] | val Loss:0.7050 Acc:0.8677 [0.1mins/93.0pics]
Epoch:37/90 Lr=0.0010 | train Loss:0.0026 Acc:0.9991 [2.7mins/45.0pics] | val Loss:0.7156 Acc:0.8701 [0.1mins/96.0pics]
Epoch:38/90 Lr=0.0010 | train Loss:0.0018 Acc:0.9995 [2.8mins/45.0pics] | val Loss:0.7473 Acc:0.8749 [0.2mins/88.0pics]
save epoch:38 acc:0.8748510131108462
Epoch:39/90 Lr=0.0010 | train Loss:0.0014 Acc:0.9995 [2.7mins/45.0pics] | val Loss:0.7066 Acc:0.8796 [0.1mins/93.0pics]
save epoch:39 acc:0.8796185935637664
Epoch:40/90 Lr=0.0010 | train Loss:0.0031 Acc:0.9991 [2.8mins/45.0pics] | val Loss:0.7131 Acc:0.8749 [0.1mins/95.0pics]
Epoch:41/90 Lr=0.0010 | train Loss:0.0024 Acc:0.9995 [2.8mins/45.0pics] | val Loss:0.7446 Acc:0.8772 [0.2mins/91.0pics]
Epoch:42/90 Lr=0.0010 | train Loss:0.0018 Acc:0.9995 [2.8mins/45.0pics] | val Loss:0.7287 Acc:0.8772 [0.1mins/93.0pics]
Epoch:43/90 Lr=0.0010 | train Loss:0.0019 Acc:0.9997 [2.8mins/45.0pics] | val Loss:0.7244 Acc:0.8713 [0.1mins/93.0pics]
Epoch:44/90 Lr=0.0010 | train Loss:0.0014 Acc:0.9996 [2.8mins/45.0pics] | val Loss:0.7391 Acc:0.8820 [0.2mins/92.0pics]
save epoch:44 acc:0.8820023837902264
Epoch:45/90 Lr=0.0010 | train Loss:0.0013 Acc:0.9996 [2.7mins/45.0pics] | val Loss:0.7474 Acc:0.8772 [0.2mins/92.0pics]
Epoch:46/90 Lr=0.0010 | train Loss:0.0023 Acc:0.9992 [2.8mins/45.0pics] | val Loss:0.8403 Acc:0.8689 [0.1mins/98.0pics]
Epoch:47/90 Lr=0.0010 | train Loss:0.0013 Acc:0.9993 [2.8mins/45.0pics] | val Loss:0.8160 Acc:0.8796 [0.1mins/98.0pics]
Epoch:48/90 Lr=0.0010 | train Loss:0.0013 Acc:0.9995 [2.7mins/45.0pics] | val Loss:0.7638 Acc:0.8677 [0.2mins/93.0pics]
Epoch:49/90 Lr=0.0010 | train Loss:0.0017 Acc:0.9993 [2.7mins/45.0pics] | val Loss:0.8056 Acc:0.8713 [0.1mins/95.0pics]
Epoch:50/90 Lr=0.0010 | train Loss:0.0020 Acc:0.9995 [2.8mins/45.0pics] | val Loss:0.7694 Acc:0.8629 [0.1mins/94.0pics]
Epoch:51/90 Lr=0.0010 | train Loss:0.0012 Acc:0.9997 [2.7mins/45.0pics] | val Loss:0.7612 Acc:0.8689 [0.2mins/93.0pics]
Epoch:52/90 Lr=0.0010 | train Loss:0.0009 Acc:0.9995 [2.8mins/45.0pics] | val Loss:0.7505 Acc:0.8665 [0.1mins/94.0pics]
Epoch:53/90 Lr=0.0010 | train Loss:0.0009 Acc:0.9999 [2.8mins/45.0pics] | val Loss:0.7613 Acc:0.8737 [0.1mins/96.0pics]
Epoch:54/90 Lr=0.0010 | train Loss:0.0017 Acc:0.9995 [2.7mins/45.0pics] | val Loss:0.7757 Acc:0.8725 [0.1mins/98.0pics]
Epoch:55/90 Lr=0.0010 | train Loss:0.0012 Acc:0.9996 [2.8mins/45.0pics] | val Loss:0.7732 Acc:0.8689 [0.1mins/97.0pics]
Epoch:56/90 Lr=0.0001 | train Loss:0.0008 Acc:0.9999 [2.7mins/45.0pics] | val Loss:0.7646 Acc:0.8737 [0.1mins/96.0pics]
Epoch:57/90 Lr=0.0001 | train Loss:0.0010 Acc:0.9996 [2.7mins/45.0pics] | val Loss:0.8013 Acc:0.8713 [0.1mins/95.0pics]
Epoch:58/90 Lr=0.0001 | train Loss:0.0010 Acc:0.9997 [2.7mins/45.0pics] | val Loss:0.7816 Acc:0.8760 [0.1mins/93.0pics]
Epoch:59/90 Lr=0.0001 | train Loss:0.0011 Acc:0.9997 [2.8mins/45.0pics] | val Loss:0.8041 Acc:0.8772 [0.1mins/94.0pics]
Epoch:60/90 Lr=0.0001 | train Loss:0.0010 Acc:0.9997 [2.7mins/45.0pics] | val Loss:0.7412 Acc:0.8784 [0.1mins/97.0pics]
Epoch:61/90 Lr=0.0001 | train Loss:0.0009 Acc:0.9997 [2.8mins/45.0pics] | val Loss:0.7663 Acc:0.8677 [0.1mins/95.0pics]
Epoch:62/90 Lr=0.0001 | train Loss:0.0009 Acc:0.9997 [2.7mins/45.0pics] | val Loss:0.7784 Acc:0.8677 [0.1mins/95.0pics]
Epoch:63/90 Lr=0.0001 | train Loss:0.0008 Acc:0.9999 [2.7mins/45.0pics] | val Loss:0.7572 Acc:0.8784 [0.1mins/95.0pics]
Epoch:64/90 Lr=0.0001 | train Loss:0.0010 Acc:0.9996 [2.8mins/45.0pics] | val Loss:0.7661 Acc:0.8772 [0.1mins/95.0pics]
Epoch:65/90 Lr=0.0001 | train Loss:0.0010 Acc:0.9995 [2.8mins/45.0pics] | val Loss:0.7545 Acc:0.8713 [0.2mins/90.0pics]
Epoch:66/90 Lr=0.0001 | train Loss:0.0010 Acc:0.9996 [2.7mins/46.0pics] | val Loss:0.8060 Acc:0.8713 [0.1mins/93.0pics]
Epoch:67/90 Lr=0.0001 | train Loss:0.0006 Acc:1.0000 [2.8mins/45.0pics] | val Loss:0.7854 Acc:0.8868 [0.1mins/95.0pics]
save epoch:67 acc:0.8867699642431466
Epoch:68/90 Lr=0.0001 | train Loss:0.0008 Acc:0.9999 [2.7mins/45.0pics] | val Loss:0.7599 Acc:0.8701 [0.1mins/95.0pics]
Epoch:69/90 Lr=0.0001 | train Loss:0.0009 Acc:0.9997 [2.8mins/45.0pics] | val Loss:0.7665 Acc:0.8737 [0.1mins/97.0pics]
Epoch:70/90 Lr=0.0001 | train Loss:0.0006 Acc:1.0000 [2.7mins/46.0pics] | val Loss:0.7606 Acc:0.8772 [0.1mins/97.0pics]
Epoch:71/90 Lr=0.0001 | train Loss:0.0008 Acc:0.9997 [2.7mins/46.0pics] | val Loss:0.7817 Acc:0.8844 [0.1mins/98.0pics]
Epoch:72/90 Lr=0.0001 | train Loss:0.0008 Acc:0.9999 [2.7mins/45.0pics] | val Loss:0.7587 Acc:0.8689 [0.1mins/97.0pics]
Epoch:73/90 Lr=0.0001 | train Loss:0.0006 Acc:0.9999 [2.7mins/45.0pics] | val Loss:0.7598 Acc:0.8808 [0.1mins/97.0pics]
Epoch:74/90 Lr=0.0001 | train Loss:0.0011 Acc:0.9996 [2.8mins/45.0pics] | val Loss:0.7931 Acc:0.8749 [0.1mins/98.0pics]
Epoch:75/90 Lr=0.0001 | train Loss:0.0007 Acc:0.9999 [2.8mins/45.0pics] | val Loss:0.7720 Acc:0.8808 [0.1mins/94.0pics]
Epoch:76/90 Lr=0.0001 | train Loss:0.0008 Acc:0.9996 [2.8mins/45.0pics] | val Loss:0.7291 Acc:0.8760 [0.1mins/95.0pics]
Epoch:77/90 Lr=0.0001 | train Loss:0.0010 Acc:0.9996 [2.8mins/45.0pics] | val Loss:0.8028 Acc:0.8653 [0.1mins/97.0pics]
Epoch:78/90 Lr=0.0001 | train Loss:0.0006 Acc:1.0000 [2.8mins/45.0pics] | val Loss:0.7572 Acc:0.8713 [0.2mins/91.0pics]
Epoch:79/90 Lr=0.0001 | train Loss:0.0010 Acc:0.9996 [2.8mins/45.0pics] | val Loss:0.7465 Acc:0.8701 [0.1mins/95.0pics]
Epoch:80/90 Lr=0.0001 | train Loss:0.0012 Acc:0.9996 [2.8mins/45.0pics] | val Loss:0.8068 Acc:0.8689 [0.1mins/93.0pics]
Epoch:81/90 Lr=0.0000 | train Loss:0.0006 Acc:0.9997 [2.8mins/45.0pics] | val Loss:0.7750 Acc:0.8749 [0.1mins/96.0pics]
Epoch:82/90 Lr=0.0000 | train Loss:0.0009 Acc:0.9997 [2.7mins/45.0pics] | val Loss:0.7347 Acc:0.8725 [0.1mins/95.0pics]
Epoch:83/90 Lr=0.0000 | train Loss:0.0006 Acc:0.9999 [2.8mins/45.0pics] | val Loss:0.8307 Acc:0.8689 [0.1mins/96.0pics]
Epoch:84/90 Lr=0.0000 | train Loss:0.0005 Acc:1.0000 [2.8mins/45.0pics] | val Loss:0.8490 Acc:0.8689 [0.1mins/95.0pics]
Epoch:85/90 Lr=0.0000 | train Loss:0.0007 Acc:0.9999 [2.7mins/45.0pics] | val Loss:0.7893 Acc:0.8701 [0.1mins/95.0pics]
Epoch:86/90 Lr=0.0000 | train Loss:0.0007 Acc:0.9997 [2.8mins/45.0pics] | val Loss:0.7671 Acc:0.8677 [0.1mins/96.0pics]
Epoch:87/90 Lr=0.0000 | train Loss:0.0009 Acc:0.9999 [2.7mins/45.0pics] | val Loss:0.7638 Acc:0.8713 [0.1mins/96.0pics]
Epoch:88/90 Lr=0.0000 | train Loss:0.0007 Acc:0.9999 [2.8mins/45.0pics] | val Loss:0.7643 Acc:0.8689 [0.1mins/96.0pics]
Epoch:89/90 Lr=0.0000 | train Loss:0.0008 Acc:0.9996 [2.8mins/45.0pics] | val Loss:0.7664 Acc:0.8677 [0.1mins/93.0pics]
Epoch:90/90 Lr=0.0000 | train Loss:0.0010 Acc:0.9995 [2.7mins/45.0pics] | val Loss:0.7567 Acc:0.8689 [0.1mins/94.0pics]
 
*********** train:  3 : lapel_design_labels *************
lapel_design_labels: train pics:: 6331 val pics: 703
Epoch:1/90 Lr=0.0100 | train Loss:0.7650 Acc:0.7139 [2.5mins/42.0pics] | val Loss:0.7198 Acc:0.7440 [0.3mins/44.0pics]
save epoch:1 acc:0.7439544807965861
Epoch:2/90 Lr=0.0100 | train Loss:0.4122 Acc:0.8612 [2.3mins/46.0pics] | val Loss:0.6236 Acc:0.7838 [0.1mins/94.0pics]
save epoch:2 acc:0.7837837837837838
Epoch:3/90 Lr=0.0100 | train Loss:0.2697 Acc:0.9106 [2.3mins/45.0pics] | val Loss:0.5026 Acc:0.8193 [0.1mins/96.0pics]
save epoch:3 acc:0.8193456614509246
Epoch:4/90 Lr=0.0100 | train Loss:0.2145 Acc:0.9256 [2.3mins/46.0pics] | val Loss:0.6169 Acc:0.8364 [0.1mins/93.0pics]
save epoch:4 acc:0.8364153627311522
Epoch:5/90 Lr=0.0100 | train Loss:0.1856 Acc:0.9360 [2.3mins/45.0pics] | val Loss:0.4603 Acc:0.8563 [0.1mins/100.0pics]
save epoch:5 acc:0.8563300142247511
Epoch:6/90 Lr=0.0100 | train Loss:0.1400 Acc:0.9572 [2.3mins/46.0pics] | val Loss:0.6549 Acc:0.8307 [0.1mins/97.0pics]
Epoch:7/90 Lr=0.0100 | train Loss:0.1053 Acc:0.9649 [2.3mins/45.0pics] | val Loss:0.5566 Acc:0.8506 [0.1mins/94.0pics]
Epoch:8/90 Lr=0.0100 | train Loss:0.0868 Acc:0.9700 [2.3mins/45.0pics] | val Loss:0.5847 Acc:0.8364 [0.1mins/95.0pics]
Epoch:9/90 Lr=0.0100 | train Loss:0.0849 Acc:0.9687 [2.3mins/45.0pics] | val Loss:0.6773 Acc:0.8193 [0.1mins/95.0pics]
Epoch:10/90 Lr=0.0100 | train Loss:0.0789 Acc:0.9743 [2.3mins/45.0pics] | val Loss:0.4963 Acc:0.8663 [0.1mins/97.0pics]
save epoch:10 acc:0.8662873399715505
Epoch:11/90 Lr=0.0100 | train Loss:0.0602 Acc:0.9792 [2.3mins/46.0pics] | val Loss:0.6245 Acc:0.8407 [0.1mins/92.0pics]
Epoch:12/90 Lr=0.0100 | train Loss:0.0654 Acc:0.9779 [2.3mins/45.0pics] | val Loss:0.5317 Acc:0.8549 [0.1mins/94.0pics]
Epoch:13/90 Lr=0.0100 | train Loss:0.0502 Acc:0.9822 [2.3mins/45.0pics] | val Loss:0.5876 Acc:0.8592 [0.1mins/93.0pics]
Epoch:14/90 Lr=0.0100 | train Loss:0.0668 Acc:0.9795 [2.3mins/46.0pics] | val Loss:0.7148 Acc:0.8179 [0.1mins/92.0pics]
Epoch:15/90 Lr=0.0100 | train Loss:0.0393 Acc:0.9859 [2.3mins/45.0pics] | val Loss:0.5911 Acc:0.8492 [0.1mins/96.0pics]
Epoch:16/90 Lr=0.0100 | train Loss:0.0470 Acc:0.9845 [2.3mins/46.0pics] | val Loss:0.5872 Acc:0.8478 [0.1mins/91.0pics]
Epoch:17/90 Lr=0.0100 | train Loss:0.0318 Acc:0.9896 [2.3mins/45.0pics] | val Loss:0.5852 Acc:0.8578 [0.1mins/95.0pics]
Epoch:18/90 Lr=0.0100 | train Loss:0.0258 Acc:0.9912 [2.3mins/46.0pics] | val Loss:0.7606 Acc:0.8450 [0.1mins/95.0pics]
Epoch:19/90 Lr=0.0100 | train Loss:0.0433 Acc:0.9878 [2.3mins/45.0pics] | val Loss:0.5870 Acc:0.8620 [0.1mins/94.0pics]
Epoch:20/90 Lr=0.0100 | train Loss:0.0333 Acc:0.9880 [2.3mins/45.0pics] | val Loss:0.6774 Acc:0.8435 [0.1mins/95.0pics]
Epoch:21/90 Lr=0.0100 | train Loss:0.0250 Acc:0.9923 [2.3mins/46.0pics] | val Loss:0.5448 Acc:0.8706 [0.1mins/92.0pics]
save epoch:21 acc:0.8705547652916074
Epoch:22/90 Lr=0.0100 | train Loss:0.0229 Acc:0.9927 [2.3mins/46.0pics] | val Loss:0.5988 Acc:0.8521 [0.1mins/93.0pics]
Epoch:23/90 Lr=0.0100 | train Loss:0.0233 Acc:0.9902 [2.3mins/46.0pics] | val Loss:0.6453 Acc:0.8535 [0.1mins/94.0pics]
Epoch:24/90 Lr=0.0100 | train Loss:0.0148 Acc:0.9949 [2.3mins/46.0pics] | val Loss:0.6244 Acc:0.8620 [0.1mins/95.0pics]
Epoch:25/90 Lr=0.0100 | train Loss:0.0162 Acc:0.9951 [2.3mins/45.0pics] | val Loss:0.6849 Acc:0.8492 [0.1mins/92.0pics]
Epoch:26/90 Lr=0.0100 | train Loss:0.0174 Acc:0.9940 [2.3mins/45.0pics] | val Loss:0.8040 Acc:0.8336 [0.1mins/91.0pics]
Epoch:27/90 Lr=0.0100 | train Loss:0.0124 Acc:0.9959 [2.3mins/46.0pics] | val Loss:0.6238 Acc:0.8663 [0.1mins/100.0pics]
Epoch:28/90 Lr=0.0100 | train Loss:0.0135 Acc:0.9954 [2.3mins/46.0pics] | val Loss:0.6551 Acc:0.8706 [0.1mins/97.0pics]
Epoch:29/90 Lr=0.0100 | train Loss:0.0201 Acc:0.9937 [2.3mins/46.0pics] | val Loss:0.5389 Acc:0.8762 [0.1mins/97.0pics]
save epoch:29 acc:0.8762446657183499
Epoch:30/90 Lr=0.0100 | train Loss:0.0138 Acc:0.9956 [2.3mins/45.0pics] | val Loss:0.5675 Acc:0.8748 [0.1mins/95.0pics]
Epoch:31/90 Lr=0.0010 | train Loss:0.0073 Acc:0.9976 [2.3mins/45.0pics] | val Loss:0.5284 Acc:0.8805 [0.1mins/96.0pics]
save epoch:31 acc:0.8805120910384068
Epoch:32/90 Lr=0.0010 | train Loss:0.0034 Acc:0.9987 [2.3mins/46.0pics] | val Loss:0.5266 Acc:0.8791 [0.1mins/98.0pics]
Epoch:33/90 Lr=0.0010 | train Loss:0.0024 Acc:0.9992 [2.3mins/46.0pics] | val Loss:0.5344 Acc:0.8777 [0.1mins/95.0pics]
Epoch:34/90 Lr=0.0010 | train Loss:0.0022 Acc:0.9997 [2.3mins/46.0pics] | val Loss:0.5301 Acc:0.8834 [0.1mins/95.0pics]
save epoch:34 acc:0.883357041251778
Epoch:35/90 Lr=0.0010 | train Loss:0.0026 Acc:0.9998 [2.3mins/45.0pics] | val Loss:0.5461 Acc:0.8862 [0.1mins/99.0pics]
save epoch:35 acc:0.8862019914651493
Epoch:36/90 Lr=0.0010 | train Loss:0.0018 Acc:0.9992 [2.3mins/46.0pics] | val Loss:0.5538 Acc:0.8805 [0.1mins/96.0pics]
Epoch:37/90 Lr=0.0010 | train Loss:0.0009 Acc:0.9998 [2.3mins/45.0pics] | val Loss:0.5558 Acc:0.8819 [0.1mins/93.0pics]
Epoch:38/90 Lr=0.0010 | train Loss:0.0012 Acc:0.9998 [2.3mins/45.0pics] | val Loss:0.5482 Acc:0.8834 [0.1mins/94.0pics]
Epoch:39/90 Lr=0.0010 | train Loss:0.0009 Acc:1.0000 [2.3mins/45.0pics] | val Loss:0.5590 Acc:0.8876 [0.1mins/94.0pics]
save epoch:39 acc:0.887624466571835
Epoch:40/90 Lr=0.0010 | train Loss:0.0013 Acc:0.9997 [2.3mins/46.0pics] | val Loss:0.5572 Acc:0.8876 [0.1mins/96.0pics]
Epoch:41/90 Lr=0.0010 | train Loss:0.0011 Acc:0.9998 [2.3mins/46.0pics] | val Loss:0.5473 Acc:0.8848 [0.1mins/96.0pics]
Epoch:42/90 Lr=0.0010 | train Loss:0.0011 Acc:0.9997 [2.3mins/46.0pics] | val Loss:0.5538 Acc:0.8876 [0.1mins/95.0pics]
Epoch:43/90 Lr=0.0010 | train Loss:0.0012 Acc:0.9998 [2.3mins/46.0pics] | val Loss:0.5606 Acc:0.8876 [0.1mins/98.0pics]
Epoch:44/90 Lr=0.0010 | train Loss:0.0007 Acc:0.9998 [2.3mins/46.0pics] | val Loss:0.5552 Acc:0.8848 [0.1mins/95.0pics]
Epoch:45/90 Lr=0.0010 | train Loss:0.0010 Acc:0.9997 [2.3mins/46.0pics] | val Loss:0.5518 Acc:0.8862 [0.1mins/94.0pics]
Epoch:46/90 Lr=0.0010 | train Loss:0.0011 Acc:0.9997 [2.3mins/46.0pics] | val Loss:0.5516 Acc:0.8862 [0.1mins/87.0pics]
Epoch:47/90 Lr=0.0010 | train Loss:0.0015 Acc:0.9995 [2.3mins/46.0pics] | val Loss:0.5484 Acc:0.8890 [0.1mins/97.0pics]
save epoch:47 acc:0.8890469416785206
Epoch:48/90 Lr=0.0010 | train Loss:0.0005 Acc:1.0000 [2.3mins/46.0pics] | val Loss:0.5599 Acc:0.8919 [0.1mins/95.0pics]
save epoch:48 acc:0.8918918918918919
Epoch:49/90 Lr=0.0010 | train Loss:0.0010 Acc:0.9997 [2.3mins/46.0pics] | val Loss:0.5701 Acc:0.8876 [0.1mins/97.0pics]
Epoch:50/90 Lr=0.0010 | train Loss:0.0008 Acc:0.9998 [2.3mins/46.0pics] | val Loss:0.5562 Acc:0.8848 [0.1mins/93.0pics]
Epoch:51/90 Lr=0.0010 | train Loss:0.0007 Acc:0.9998 [2.3mins/45.0pics] | val Loss:0.5554 Acc:0.8848 [0.1mins/96.0pics]
Epoch:52/90 Lr=0.0010 | train Loss:0.0007 Acc:0.9998 [2.3mins/46.0pics] | val Loss:0.5586 Acc:0.8919 [0.1mins/96.0pics]
Epoch:53/90 Lr=0.0010 | train Loss:0.0016 Acc:0.9998 [2.3mins/46.0pics] | val Loss:0.5672 Acc:0.8848 [0.1mins/94.0pics]
Epoch:54/90 Lr=0.0010 | train Loss:0.0005 Acc:1.0000 [2.3mins/46.0pics] | val Loss:0.5593 Acc:0.8834 [0.1mins/97.0pics]
Epoch:55/90 Lr=0.0010 | train Loss:0.0008 Acc:0.9998 [2.3mins/45.0pics] | val Loss:0.5725 Acc:0.8848 [0.1mins/95.0pics]
Epoch:56/90 Lr=0.0001 | train Loss:0.0006 Acc:0.9998 [2.3mins/46.0pics] | val Loss:0.5730 Acc:0.8834 [0.1mins/92.0pics]
Epoch:57/90 Lr=0.0001 | train Loss:0.0003 Acc:1.0000 [2.3mins/45.0pics] | val Loss:0.5732 Acc:0.8848 [0.1mins/93.0pics]
Epoch:58/90 Lr=0.0001 | train Loss:0.0003 Acc:1.0000 [2.3mins/45.0pics] | val Loss:0.5718 Acc:0.8848 [0.1mins/87.0pics]
Epoch:59/90 Lr=0.0001 | train Loss:0.0007 Acc:0.9998 [2.3mins/45.0pics] | val Loss:0.5727 Acc:0.8862 [0.1mins/88.0pics]
Epoch:60/90 Lr=0.0001 | train Loss:0.0006 Acc:0.9998 [2.4mins/44.0pics] | val Loss:0.5665 Acc:0.8834 [0.1mins/86.0pics]
Epoch:61/90 Lr=0.0001 | train Loss:0.0006 Acc:0.9997 [2.3mins/44.0pics] | val Loss:0.5685 Acc:0.8890 [0.1mins/87.0pics]
Epoch:62/90 Lr=0.0001 | train Loss:0.0004 Acc:1.0000 [2.3mins/45.0pics] | val Loss:0.5804 Acc:0.8848 [0.1mins/82.0pics]
Epoch:63/90 Lr=0.0001 | train Loss:0.0003 Acc:1.0000 [2.4mins/44.0pics] | val Loss:0.5636 Acc:0.8890 [0.1mins/87.0pics]
Epoch:64/90 Lr=0.0001 | train Loss:0.0007 Acc:0.9998 [2.4mins/44.0pics] | val Loss:0.5705 Acc:0.8834 [0.1mins/85.0pics]
Epoch:65/90 Lr=0.0001 | train Loss:0.0007 Acc:0.9998 [2.4mins/44.0pics] | val Loss:0.5713 Acc:0.8876 [0.1mins/86.0pics]
Epoch:66/90 Lr=0.0001 | train Loss:0.0004 Acc:1.0000 [2.3mins/45.0pics] | val Loss:0.5645 Acc:0.8834 [0.1mins/88.0pics]
Epoch:67/90 Lr=0.0001 | train Loss:0.0006 Acc:1.0000 [2.3mins/45.0pics] | val Loss:0.5783 Acc:0.8834 [0.1mins/85.0pics]
Epoch:68/90 Lr=0.0001 | train Loss:0.0003 Acc:1.0000 [2.3mins/44.0pics] | val Loss:0.5629 Acc:0.8876 [0.1mins/85.0pics]
Epoch:69/90 Lr=0.0001 | train Loss:0.0005 Acc:1.0000 [2.3mins/44.0pics] | val Loss:0.5716 Acc:0.8848 [0.1mins/86.0pics]
Epoch:70/90 Lr=0.0001 | train Loss:0.0004 Acc:1.0000 [2.3mins/45.0pics] | val Loss:0.5796 Acc:0.8805 [0.1mins/85.0pics]
Epoch:71/90 Lr=0.0001 | train Loss:0.0009 Acc:0.9997 [2.3mins/45.0pics] | val Loss:0.5777 Acc:0.8834 [0.1mins/86.0pics]
Epoch:72/90 Lr=0.0001 | train Loss:0.0003 Acc:1.0000 [2.3mins/44.0pics] | val Loss:0.5740 Acc:0.8805 [0.1mins/87.0pics]
Epoch:73/90 Lr=0.0001 | train Loss:0.0005 Acc:1.0000 [2.3mins/45.0pics] | val Loss:0.5694 Acc:0.8834 [0.1mins/84.0pics]
Epoch:74/90 Lr=0.0001 | train Loss:0.0004 Acc:1.0000 [2.3mins/44.0pics] | val Loss:0.5759 Acc:0.8819 [0.1mins/86.0pics]
Epoch:75/90 Lr=0.0001 | train Loss:0.0003 Acc:1.0000 [2.4mins/44.0pics] | val Loss:0.5702 Acc:0.8876 [0.1mins/87.0pics]
Epoch:76/90 Lr=0.0001 | train Loss:0.0003 Acc:1.0000 [2.3mins/44.0pics] | val Loss:0.5688 Acc:0.8905 [0.1mins/85.0pics]
Epoch:77/90 Lr=0.0001 | train Loss:0.0004 Acc:1.0000 [2.3mins/44.0pics] | val Loss:0.5624 Acc:0.8890 [0.1mins/89.0pics]
Epoch:78/90 Lr=0.0001 | train Loss:0.0004 Acc:1.0000 [2.3mins/45.0pics] | val Loss:0.5821 Acc:0.8805 [0.1mins/86.0pics]
Epoch:79/90 Lr=0.0001 | train Loss:0.0003 Acc:1.0000 [2.4mins/44.0pics] | val Loss:0.5718 Acc:0.8805 [0.1mins/86.0pics]
Epoch:80/90 Lr=0.0001 | train Loss:0.0004 Acc:1.0000 [2.3mins/45.0pics] | val Loss:0.5709 Acc:0.8819 [0.1mins/87.0pics]
Epoch:81/90 Lr=0.0000 | train Loss:0.0003 Acc:1.0000 [2.3mins/45.0pics] | val Loss:0.5690 Acc:0.8834 [0.1mins/82.0pics]
Epoch:82/90 Lr=0.0000 | train Loss:0.0006 Acc:0.9998 [2.3mins/44.0pics] | val Loss:0.5686 Acc:0.8876 [0.1mins/87.0pics]
Epoch:83/90 Lr=0.0000 | train Loss:0.0004 Acc:1.0000 [2.3mins/45.0pics] | val Loss:0.5834 Acc:0.8805 [0.1mins/83.0pics]
Epoch:84/90 Lr=0.0000 | train Loss:0.0004 Acc:1.0000 [2.3mins/45.0pics] | val Loss:0.5623 Acc:0.8890 [0.1mins/84.0pics]
Epoch:85/90 Lr=0.0000 | train Loss:0.0006 Acc:0.9998 [2.3mins/45.0pics] | val Loss:0.5769 Acc:0.8862 [0.1mins/87.0pics]
Epoch:86/90 Lr=0.0000 | train Loss:0.0003 Acc:1.0000 [2.3mins/45.0pics] | val Loss:0.5769 Acc:0.8819 [0.1mins/87.0pics]
Epoch:87/90 Lr=0.0000 | train Loss:0.0005 Acc:0.9998 [2.3mins/45.0pics] | val Loss:0.5668 Acc:0.8834 [0.1mins/87.0pics]
Epoch:88/90 Lr=0.0000 | train Loss:0.0006 Acc:0.9998 [2.3mins/44.0pics] | val Loss:0.5739 Acc:0.8834 [0.1mins/88.0pics]
Epoch:89/90 Lr=0.0000 | train Loss:0.0004 Acc:1.0000 [2.3mins/45.0pics] | val Loss:0.5682 Acc:0.8848 [0.1mins/86.0pics]
Epoch:90/90 Lr=0.0000 | train Loss:0.0004 Acc:1.0000 [2.3mins/45.0pics] | val Loss:0.5727 Acc:0.8834 [0.1mins/85.0pics]
 
*********** train:  4 : neck_design_labels *************
neck_design_labels: train pics:: 5127 val pics: 569
Epoch:1/90 Lr=0.0100 | train Loss:1.0336 Acc:0.6002 [2.3mins/37.0pics] | val Loss:0.8391 Acc:0.6714 [0.2mins/40.0pics]
Epoch:2/90 Lr=0.0100 | train Loss:0.6277 Acc:0.7704 [1.9mins/45.0pics] | val Loss:0.7504 Acc:0.7135 [0.1mins/85.0pics]
save epoch:2 acc:0.7135325131810193
Epoch:3/90 Lr=0.0100 | train Loss:0.4948 Acc:0.8202 [1.9mins/45.0pics] | val Loss:0.6498 Acc:0.7733 [0.1mins/88.0pics]
save epoch:3 acc:0.773286467486819
Epoch:4/90 Lr=0.0100 | train Loss:0.3945 Acc:0.8572 [1.9mins/44.0pics] | val Loss:0.6973 Acc:0.7803 [0.1mins/85.0pics]
save epoch:4 acc:0.7803163444639719
Epoch:5/90 Lr=0.0100 | train Loss:0.3324 Acc:0.8804 [1.9mins/44.0pics] | val Loss:0.7967 Acc:0.7575 [0.1mins/85.0pics]
Epoch:6/90 Lr=0.0100 | train Loss:0.2751 Acc:0.9087 [1.9mins/44.0pics] | val Loss:0.7009 Acc:0.7821 [0.1mins/87.0pics]
save epoch:6 acc:0.7820738137082601
Epoch:7/90 Lr=0.0100 | train Loss:0.2236 Acc:0.9251 [1.9mins/44.0pics] | val Loss:0.8067 Acc:0.7698 [0.1mins/87.0pics]
Epoch:8/90 Lr=0.0100 | train Loss:0.1971 Acc:0.9311 [1.9mins/44.0pics] | val Loss:0.8417 Acc:0.7645 [0.1mins/85.0pics]
Epoch:9/90 Lr=0.0100 | train Loss:0.1726 Acc:0.9413 [1.9mins/45.0pics] | val Loss:0.8946 Acc:0.7575 [0.1mins/85.0pics]
Epoch:10/90 Lr=0.0100 | train Loss:0.1442 Acc:0.9524 [1.9mins/44.0pics] | val Loss:0.9661 Acc:0.7364 [0.1mins/87.0pics]
Epoch:11/90 Lr=0.0100 | train Loss:0.1132 Acc:0.9620 [1.9mins/44.0pics] | val Loss:1.0355 Acc:0.7557 [0.1mins/87.0pics]
Epoch:12/90 Lr=0.0100 | train Loss:0.1155 Acc:0.9653 [1.9mins/44.0pics] | val Loss:1.0367 Acc:0.7504 [0.1mins/86.0pics]
Epoch:13/90 Lr=0.0100 | train Loss:0.0977 Acc:0.9686 [1.9mins/44.0pics] | val Loss:0.9658 Acc:0.7417 [0.1mins/84.0pics]
Epoch:14/90 Lr=0.0100 | train Loss:0.0713 Acc:0.9752 [1.9mins/44.0pics] | val Loss:1.0059 Acc:0.7663 [0.1mins/85.0pics]
Epoch:15/90 Lr=0.0100 | train Loss:0.0920 Acc:0.9717 [1.9mins/44.0pics] | val Loss:0.9379 Acc:0.7663 [0.1mins/85.0pics]
Epoch:16/90 Lr=0.0100 | train Loss:0.0622 Acc:0.9795 [1.9mins/44.0pics] | val Loss:0.9871 Acc:0.7610 [0.1mins/87.0pics]
Epoch:17/90 Lr=0.0100 | train Loss:0.0809 Acc:0.9750 [1.9mins/45.0pics] | val Loss:0.8920 Acc:0.7733 [0.1mins/83.0pics]
Epoch:18/90 Lr=0.0100 | train Loss:0.0529 Acc:0.9826 [1.9mins/44.0pics] | val Loss:1.1031 Acc:0.7821 [0.1mins/84.0pics]
Epoch:19/90 Lr=0.0100 | train Loss:0.0569 Acc:0.9838 [1.9mins/45.0pics] | val Loss:1.0259 Acc:0.7856 [0.1mins/82.0pics]
save epoch:19 acc:0.7855887521968365
Epoch:20/90 Lr=0.0100 | train Loss:0.0478 Acc:0.9862 [1.9mins/45.0pics] | val Loss:1.0413 Acc:0.7803 [0.1mins/86.0pics]
Epoch:21/90 Lr=0.0100 | train Loss:0.0478 Acc:0.9842 [1.9mins/45.0pics] | val Loss:1.0040 Acc:0.7733 [0.1mins/87.0pics]
Epoch:22/90 Lr=0.0100 | train Loss:0.0403 Acc:0.9873 [1.9mins/44.0pics] | val Loss:0.9026 Acc:0.8014 [0.1mins/87.0pics]
save epoch:22 acc:0.8014059753954306
Epoch:23/90 Lr=0.0100 | train Loss:0.0352 Acc:0.9895 [1.9mins/45.0pics] | val Loss:1.0354 Acc:0.7803 [0.1mins/87.0pics]
Epoch:24/90 Lr=0.0100 | train Loss:0.0347 Acc:0.9869 [1.9mins/45.0pics] | val Loss:1.1260 Acc:0.7540 [0.1mins/83.0pics]
Epoch:25/90 Lr=0.0100 | train Loss:0.0522 Acc:0.9850 [1.9mins/44.0pics] | val Loss:1.0655 Acc:0.7627 [0.1mins/87.0pics]
Epoch:26/90 Lr=0.0100 | train Loss:0.0494 Acc:0.9856 [1.9mins/44.0pics] | val Loss:0.9620 Acc:0.8014 [0.1mins/88.0pics]
Epoch:27/90 Lr=0.0100 | train Loss:0.0409 Acc:0.9850 [1.9mins/45.0pics] | val Loss:1.0408 Acc:0.7715 [0.1mins/85.0pics]
Epoch:28/90 Lr=0.0100 | train Loss:0.0383 Acc:0.9877 [1.9mins/44.0pics] | val Loss:1.0913 Acc:0.7873 [0.1mins/89.0pics]
Epoch:29/90 Lr=0.0100 | train Loss:0.0281 Acc:0.9914 [1.9mins/44.0pics] | val Loss:1.0963 Acc:0.7786 [0.1mins/84.0pics]
Epoch:30/90 Lr=0.0100 | train Loss:0.0232 Acc:0.9922 [1.9mins/44.0pics] | val Loss:1.0689 Acc:0.7838 [0.1mins/85.0pics]
Epoch:31/90 Lr=0.0010 | train Loss:0.0129 Acc:0.9967 [1.9mins/45.0pics] | val Loss:0.9961 Acc:0.8014 [0.1mins/85.0pics]
Epoch:32/90 Lr=0.0010 | train Loss:0.0078 Acc:0.9971 [1.9mins/45.0pics] | val Loss:1.0035 Acc:0.7996 [0.1mins/83.0pics]
Epoch:33/90 Lr=0.0010 | train Loss:0.0073 Acc:0.9980 [1.9mins/45.0pics] | val Loss:1.0364 Acc:0.8032 [0.1mins/85.0pics]
save epoch:33 acc:0.8031634446397188
Epoch:34/90 Lr=0.0010 | train Loss:0.0033 Acc:0.9994 [1.9mins/45.0pics] | val Loss:1.0018 Acc:0.7996 [0.1mins/85.0pics]
Epoch:35/90 Lr=0.0010 | train Loss:0.0042 Acc:0.9986 [1.9mins/45.0pics] | val Loss:1.0409 Acc:0.7961 [0.1mins/87.0pics]
Epoch:36/90 Lr=0.0010 | train Loss:0.0045 Acc:0.9990 [1.9mins/44.0pics] | val Loss:1.0509 Acc:0.8102 [0.1mins/82.0pics]
save epoch:36 acc:0.8101933216168717
Epoch:37/90 Lr=0.0010 | train Loss:0.0028 Acc:0.9994 [1.9mins/45.0pics] | val Loss:1.0595 Acc:0.8014 [0.1mins/85.0pics]
Epoch:38/90 Lr=0.0010 | train Loss:0.0033 Acc:0.9990 [1.9mins/45.0pics] | val Loss:1.0715 Acc:0.8067 [0.1mins/86.0pics]
Epoch:39/90 Lr=0.0010 | train Loss:0.0029 Acc:0.9992 [1.9mins/44.0pics] | val Loss:1.0625 Acc:0.7944 [0.1mins/84.0pics]
Epoch:40/90 Lr=0.0010 | train Loss:0.0023 Acc:0.9994 [1.9mins/45.0pics] | val Loss:1.0396 Acc:0.8049 [0.1mins/85.0pics]
Epoch:41/90 Lr=0.0010 | train Loss:0.0024 Acc:0.9992 [1.9mins/45.0pics] | val Loss:1.0489 Acc:0.8014 [0.1mins/87.0pics]
Epoch:42/90 Lr=0.0010 | train Loss:0.0023 Acc:0.9992 [1.9mins/44.0pics] | val Loss:1.0668 Acc:0.8067 [0.1mins/86.0pics]
Epoch:43/90 Lr=0.0010 | train Loss:0.0032 Acc:0.9988 [1.9mins/45.0pics] | val Loss:1.0849 Acc:0.8067 [0.1mins/85.0pics]
Epoch:44/90 Lr=0.0010 | train Loss:0.0046 Acc:0.9986 [1.9mins/44.0pics] | val Loss:1.0929 Acc:0.8102 [0.1mins/88.0pics]
Epoch:45/90 Lr=0.0010 | train Loss:0.0019 Acc:0.9994 [1.9mins/45.0pics] | val Loss:1.0724 Acc:0.8067 [0.1mins/84.0pics]
Epoch:46/90 Lr=0.0010 | train Loss:0.0027 Acc:0.9990 [1.9mins/45.0pics] | val Loss:1.1168 Acc:0.8014 [0.1mins/86.0pics]
Epoch:47/90 Lr=0.0010 | train Loss:0.0031 Acc:0.9992 [1.9mins/44.0pics] | val Loss:1.0822 Acc:0.8014 [0.1mins/85.0pics]
Epoch:48/90 Lr=0.0010 | train Loss:0.0017 Acc:0.9992 [1.9mins/45.0pics] | val Loss:1.0738 Acc:0.8032 [0.1mins/85.0pics]
Epoch:49/90 Lr=0.0010 | train Loss:0.0018 Acc:0.9994 [1.9mins/45.0pics] | val Loss:1.0788 Acc:0.8120 [0.1mins/86.0pics]
save epoch:49 acc:0.81195079086116
Epoch:50/90 Lr=0.0010 | train Loss:0.0023 Acc:0.9994 [1.9mins/45.0pics] | val Loss:1.1018 Acc:0.8102 [0.1mins/82.0pics]
Epoch:51/90 Lr=0.0010 | train Loss:0.0021 Acc:0.9994 [1.9mins/45.0pics] | val Loss:1.0957 Acc:0.8137 [0.1mins/86.0pics]
save epoch:51 acc:0.8137082601054482
Epoch:52/90 Lr=0.0010 | train Loss:0.0014 Acc:0.9994 [1.9mins/45.0pics] | val Loss:1.1046 Acc:0.8049 [0.1mins/85.0pics]
Epoch:53/90 Lr=0.0010 | train Loss:0.0015 Acc:0.9994 [1.9mins/45.0pics] | val Loss:1.0812 Acc:0.7996 [0.1mins/87.0pics]
Epoch:54/90 Lr=0.0010 | train Loss:0.0010 Acc:1.0000 [1.9mins/45.0pics] | val Loss:1.0912 Acc:0.8102 [0.1mins/86.0pics]
Epoch:55/90 Lr=0.0010 | train Loss:0.0015 Acc:0.9996 [1.9mins/45.0pics] | val Loss:1.1056 Acc:0.8014 [0.1mins/85.0pics]
Epoch:56/90 Lr=0.0001 | train Loss:0.0015 Acc:0.9994 [1.9mins/44.0pics] | val Loss:1.0959 Acc:0.8067 [0.1mins/87.0pics]
Epoch:57/90 Lr=0.0001 | train Loss:0.0013 Acc:0.9996 [1.9mins/45.0pics] | val Loss:1.1156 Acc:0.8049 [0.1mins/86.0pics]
Epoch:58/90 Lr=0.0001 | train Loss:0.0015 Acc:0.9994 [1.9mins/45.0pics] | val Loss:1.0800 Acc:0.8102 [0.1mins/86.0pics]
Epoch:59/90 Lr=0.0001 | train Loss:0.0016 Acc:0.9994 [1.9mins/45.0pics] | val Loss:1.1158 Acc:0.8014 [0.1mins/85.0pics]
Epoch:60/90 Lr=0.0001 | train Loss:0.0018 Acc:0.9992 [1.9mins/45.0pics] | val Loss:1.0863 Acc:0.8049 [0.1mins/87.0pics]
Epoch:61/90 Lr=0.0001 | train Loss:0.0013 Acc:0.9992 [1.9mins/44.0pics] | val Loss:1.1031 Acc:0.8032 [0.1mins/85.0pics]
Epoch:62/90 Lr=0.0001 | train Loss:0.0010 Acc:1.0000 [1.9mins/45.0pics] | val Loss:1.1160 Acc:0.8137 [0.1mins/82.0pics]
Epoch:63/90 Lr=0.0001 | train Loss:0.0013 Acc:0.9994 [1.9mins/45.0pics] | val Loss:1.0825 Acc:0.7979 [0.1mins/87.0pics]
Epoch:64/90 Lr=0.0001 | train Loss:0.0015 Acc:0.9994 [1.9mins/45.0pics] | val Loss:1.1194 Acc:0.8049 [0.1mins/87.0pics]
Epoch:65/90 Lr=0.0001 | train Loss:0.0013 Acc:0.9994 [1.9mins/45.0pics] | val Loss:1.1120 Acc:0.8014 [0.1mins/86.0pics]
Epoch:66/90 Lr=0.0001 | train Loss:0.0013 Acc:0.9994 [1.9mins/45.0pics] | val Loss:1.1026 Acc:0.8049 [0.1mins/87.0pics]
Epoch:67/90 Lr=0.0001 | train Loss:0.0017 Acc:0.9992 [1.9mins/45.0pics] | val Loss:1.1367 Acc:0.8049 [0.1mins/86.0pics]
Epoch:68/90 Lr=0.0001 | train Loss:0.0014 Acc:0.9992 [1.9mins/45.0pics] | val Loss:1.1000 Acc:0.8120 [0.1mins/83.0pics]
Epoch:69/90 Lr=0.0001 | train Loss:0.0019 Acc:0.9994 [1.9mins/45.0pics] | val Loss:1.0877 Acc:0.8084 [0.1mins/85.0pics]
Epoch:70/90 Lr=0.0001 | train Loss:0.0011 Acc:0.9996 [1.9mins/45.0pics] | val Loss:1.1645 Acc:0.8049 [0.1mins/93.0pics]
Epoch:71/90 Lr=0.0001 | train Loss:0.0011 Acc:0.9998 [1.9mins/45.0pics] | val Loss:1.1073 Acc:0.8014 [0.1mins/87.0pics]
Epoch:72/90 Lr=0.0001 | train Loss:0.0015 Acc:0.9998 [1.9mins/45.0pics] | val Loss:1.1375 Acc:0.8032 [0.1mins/83.0pics]
Epoch:73/90 Lr=0.0001 | train Loss:0.0014 Acc:0.9992 [1.9mins/45.0pics] | val Loss:1.1058 Acc:0.8084 [0.1mins/85.0pics]
Epoch:74/90 Lr=0.0001 | train Loss:0.0013 Acc:0.9998 [1.9mins/45.0pics] | val Loss:1.1471 Acc:0.8032 [0.1mins/85.0pics]
Epoch:75/90 Lr=0.0001 | train Loss:0.0016 Acc:0.9994 [1.9mins/44.0pics] | val Loss:1.1281 Acc:0.8084 [0.1mins/85.0pics]
Epoch:76/90 Lr=0.0001 | train Loss:0.0020 Acc:0.9994 [1.9mins/45.0pics] | val Loss:1.1314 Acc:0.8067 [0.1mins/85.0pics]
Epoch:77/90 Lr=0.0001 | train Loss:0.0013 Acc:0.9996 [1.9mins/45.0pics] | val Loss:1.1129 Acc:0.8032 [0.1mins/86.0pics]
Epoch:78/90 Lr=0.0001 | train Loss:0.0015 Acc:0.9994 [1.9mins/45.0pics] | val Loss:1.1084 Acc:0.8084 [0.1mins/84.0pics]
Epoch:79/90 Lr=0.0001 | train Loss:0.0014 Acc:0.9994 [1.9mins/45.0pics] | val Loss:1.1458 Acc:0.7996 [0.1mins/86.0pics]
Epoch:80/90 Lr=0.0001 | train Loss:0.0016 Acc:0.9994 [1.9mins/45.0pics] | val Loss:1.1368 Acc:0.8084 [0.1mins/84.0pics]
Epoch:81/90 Lr=0.0000 | train Loss:0.0013 Acc:0.9996 [1.9mins/45.0pics] | val Loss:1.1235 Acc:0.8067 [0.1mins/81.0pics]
Epoch:82/90 Lr=0.0000 | train Loss:0.0019 Acc:0.9992 [1.9mins/45.0pics] | val Loss:1.1372 Acc:0.8084 [0.1mins/85.0pics]
Epoch:83/90 Lr=0.0000 | train Loss:0.0021 Acc:0.9988 [1.9mins/45.0pics] | val Loss:1.1147 Acc:0.8014 [0.1mins/80.0pics]
Epoch:84/90 Lr=0.0000 | train Loss:0.0013 Acc:0.9996 [1.9mins/45.0pics] | val Loss:1.1409 Acc:0.8137 [0.1mins/81.0pics]
Epoch:85/90 Lr=0.0000 | train Loss:0.0020 Acc:0.9992 [1.9mins/45.0pics] | val Loss:1.1498 Acc:0.8049 [0.1mins/83.0pics]
Epoch:86/90 Lr=0.0000 | train Loss:0.0016 Acc:0.9992 [1.9mins/45.0pics] | val Loss:1.1048 Acc:0.8032 [0.1mins/85.0pics]
Epoch:87/90 Lr=0.0000 | train Loss:0.0014 Acc:0.9996 [1.9mins/45.0pics] | val Loss:1.1024 Acc:0.8014 [0.1mins/84.0pics]
Epoch:88/90 Lr=0.0000 | train Loss:0.0009 Acc:0.9998 [1.9mins/45.0pics] | val Loss:1.1305 Acc:0.8049 [0.1mins/83.0pics]
Epoch:89/90 Lr=0.0000 | train Loss:0.0013 Acc:0.9992 [1.9mins/45.0pics] | val Loss:1.0969 Acc:0.8155 [0.1mins/84.0pics]
save epoch:89 acc:0.8154657293497364
Epoch:90/90 Lr=0.0000 | train Loss:0.0014 Acc:0.9994 [1.9mins/45.0pics] | val Loss:1.1457 Acc:0.8014 [0.1mins/89.0pics]
 
*********** train:  5 : neckline_design_labels *************
neckline_design_labels: train pics:: 15434 val pics: 1714
Epoch:1/90 Lr=0.0100 | train Loss:0.9761 Acc:0.6668 [6.4mins/40.0pics] | val Loss:0.7088 Acc:0.7748 [0.6mins/45.0pics]
save epoch:1 acc:0.7747957992998833
Epoch:2/90 Lr=0.0100 | train Loss:0.5598 Acc:0.8122 [5.7mins/45.0pics] | val Loss:0.6821 Acc:0.7830 [0.3mins/89.0pics]
save epoch:2 acc:0.7829638273045507
Epoch:3/90 Lr=0.0100 | train Loss:0.4450 Acc:0.8527 [5.7mins/45.0pics] | val Loss:0.5708 Acc:0.8215 [0.3mins/87.0pics]
save epoch:3 acc:0.8214702450408401
Epoch:4/90 Lr=0.0100 | train Loss:0.3684 Acc:0.8722 [5.7mins/45.0pics] | val Loss:0.5743 Acc:0.8063 [0.3mins/88.0pics]
Epoch:5/90 Lr=0.0100 | train Loss:0.2981 Acc:0.8978 [5.7mins/45.0pics] | val Loss:0.5609 Acc:0.8221 [0.3mins/87.0pics]
save epoch:5 acc:0.8220536756126021
Epoch:6/90 Lr=0.0100 | train Loss:0.2585 Acc:0.9118 [5.7mins/45.0pics] | val Loss:0.6019 Acc:0.8162 [0.3mins/88.0pics]
Epoch:7/90 Lr=0.0100 | train Loss:0.2233 Acc:0.9247 [5.7mins/45.0pics] | val Loss:0.6300 Acc:0.8221 [0.3mins/87.0pics]
Epoch:8/90 Lr=0.0100 | train Loss:0.1877 Acc:0.9351 [5.7mins/45.0pics] | val Loss:0.6354 Acc:0.8116 [0.3mins/88.0pics]
Epoch:9/90 Lr=0.0100 | train Loss:0.1642 Acc:0.9436 [5.7mins/45.0pics] | val Loss:0.7081 Acc:0.8116 [0.3mins/87.0pics]
Epoch:10/90 Lr=0.0100 | train Loss:0.1609 Acc:0.9482 [5.7mins/45.0pics] | val Loss:0.6489 Acc:0.8215 [0.3mins/88.0pics]
Epoch:11/90 Lr=0.0100 | train Loss:0.1296 Acc:0.9554 [5.7mins/45.0pics] | val Loss:0.7822 Acc:0.8098 [0.3mins/88.0pics]
Epoch:12/90 Lr=0.0100 | train Loss:0.1140 Acc:0.9624 [5.7mins/45.0pics] | val Loss:0.6955 Acc:0.8256 [0.3mins/87.0pics]
save epoch:12 acc:0.8255542590431738
Epoch:13/90 Lr=0.0100 | train Loss:0.0933 Acc:0.9683 [5.6mins/45.0pics] | val Loss:0.7290 Acc:0.8034 [0.3mins/87.0pics]
Epoch:14/90 Lr=0.0100 | train Loss:0.0920 Acc:0.9698 [5.7mins/45.0pics] | val Loss:0.7782 Acc:0.8250 [0.3mins/88.0pics]
Epoch:15/90 Lr=0.0100 | train Loss:0.0817 Acc:0.9720 [5.7mins/45.0pics] | val Loss:0.8921 Acc:0.8116 [0.3mins/89.0pics]
Epoch:16/90 Lr=0.0100 | train Loss:0.0824 Acc:0.9729 [5.7mins/45.0pics] | val Loss:0.7777 Acc:0.8273 [0.3mins/88.0pics]
save epoch:16 acc:0.8273045507584598
Epoch:17/90 Lr=0.0100 | train Loss:0.0780 Acc:0.9730 [5.7mins/45.0pics] | val Loss:0.7632 Acc:0.8232 [0.3mins/86.0pics]
Epoch:18/90 Lr=0.0100 | train Loss:0.0623 Acc:0.9789 [5.7mins/45.0pics] | val Loss:0.8650 Acc:0.8238 [0.3mins/89.0pics]
Epoch:19/90 Lr=0.0100 | train Loss:0.0483 Acc:0.9832 [5.7mins/45.0pics] | val Loss:0.8145 Acc:0.8226 [0.3mins/87.0pics]
Epoch:20/90 Lr=0.0100 | train Loss:0.0639 Acc:0.9790 [5.7mins/45.0pics] | val Loss:0.8681 Acc:0.8162 [0.3mins/87.0pics]
Epoch:21/90 Lr=0.0100 | train Loss:0.0521 Acc:0.9822 [5.7mins/45.0pics] | val Loss:0.8147 Acc:0.8378 [0.3mins/87.0pics]
save epoch:21 acc:0.8378063010501751
Epoch:22/90 Lr=0.0100 | train Loss:0.0647 Acc:0.9786 [5.7mins/45.0pics] | val Loss:0.7880 Acc:0.8366 [0.3mins/88.0pics]
Epoch:23/90 Lr=0.0100 | train Loss:0.0432 Acc:0.9858 [5.7mins/45.0pics] | val Loss:0.8437 Acc:0.8337 [0.3mins/87.0pics]
Epoch:24/90 Lr=0.0100 | train Loss:0.0417 Acc:0.9861 [5.7mins/45.0pics] | val Loss:0.8274 Acc:0.8331 [0.3mins/86.0pics]
Epoch:25/90 Lr=0.0100 | train Loss:0.0362 Acc:0.9876 [5.7mins/45.0pics] | val Loss:0.8020 Acc:0.8413 [0.3mins/88.0pics]
save epoch:25 acc:0.8413068844807468
Epoch:26/90 Lr=0.0100 | train Loss:0.0306 Acc:0.9902 [5.7mins/45.0pics] | val Loss:0.8522 Acc:0.8448 [0.3mins/88.0pics]
save epoch:26 acc:0.8448074679113186
Epoch:27/90 Lr=0.0100 | train Loss:0.0348 Acc:0.9890 [5.7mins/45.0pics] | val Loss:0.8436 Acc:0.8296 [0.3mins/87.0pics]
Epoch:28/90 Lr=0.0100 | train Loss:0.0325 Acc:0.9883 [5.7mins/45.0pics] | val Loss:0.9172 Acc:0.8407 [0.3mins/87.0pics]
Epoch:29/90 Lr=0.0100 | train Loss:0.0371 Acc:0.9878 [5.7mins/45.0pics] | val Loss:0.9086 Acc:0.8250 [0.3mins/87.0pics]
Epoch:30/90 Lr=0.0100 | train Loss:0.0343 Acc:0.9887 [5.6mins/45.0pics] | val Loss:0.8759 Acc:0.8314 [0.3mins/87.0pics]
Epoch:31/90 Lr=0.0010 | train Loss:0.0133 Acc:0.9960 [5.7mins/45.0pics] | val Loss:0.8270 Acc:0.8431 [0.3mins/88.0pics]
Epoch:32/90 Lr=0.0010 | train Loss:0.0088 Acc:0.9971 [5.7mins/45.0pics] | val Loss:0.8025 Acc:0.8495 [0.3mins/86.0pics]
save epoch:32 acc:0.8494749124854143
Epoch:33/90 Lr=0.0010 | train Loss:0.0063 Acc:0.9984 [5.7mins/45.0pics] | val Loss:0.8288 Acc:0.8501 [0.3mins/89.0pics]
save epoch:33 acc:0.8500583430571762
Epoch:34/90 Lr=0.0010 | train Loss:0.0051 Acc:0.9986 [5.6mins/45.0pics] | val Loss:0.8334 Acc:0.8506 [0.3mins/88.0pics]
save epoch:34 acc:0.8506417736289381
Epoch:35/90 Lr=0.0010 | train Loss:0.0037 Acc:0.9991 [5.7mins/45.0pics] | val Loss:0.8440 Acc:0.8506 [0.3mins/87.0pics]
Epoch:36/90 Lr=0.0010 | train Loss:0.0035 Acc:0.9990 [5.6mins/45.0pics] | val Loss:0.8549 Acc:0.8512 [0.3mins/86.0pics]
save epoch:36 acc:0.8512252042007001
Epoch:37/90 Lr=0.0010 | train Loss:0.0038 Acc:0.9992 [5.7mins/45.0pics] | val Loss:0.8376 Acc:0.8530 [0.3mins/86.0pics]
save epoch:37 acc:0.852975495915986
Epoch:38/90 Lr=0.0010 | train Loss:0.0029 Acc:0.9992 [5.6mins/45.0pics] | val Loss:0.8472 Acc:0.8565 [0.3mins/86.0pics]
save epoch:38 acc:0.8564760793465578
Epoch:39/90 Lr=0.0010 | train Loss:0.0029 Acc:0.9992 [5.7mins/45.0pics] | val Loss:0.8644 Acc:0.8553 [0.3mins/89.0pics]
Epoch:40/90 Lr=0.0010 | train Loss:0.0020 Acc:0.9994 [5.6mins/45.0pics] | val Loss:0.8761 Acc:0.8576 [0.3mins/86.0pics]
save epoch:40 acc:0.8576429404900817
Epoch:41/90 Lr=0.0010 | train Loss:0.0028 Acc:0.9992 [5.7mins/45.0pics] | val Loss:0.8813 Acc:0.8576 [0.3mins/87.0pics]
Epoch:42/90 Lr=0.0010 | train Loss:0.0021 Acc:0.9994 [5.7mins/45.0pics] | val Loss:0.9002 Acc:0.8559 [0.3mins/88.0pics]
Epoch:43/90 Lr=0.0010 | train Loss:0.0019 Acc:0.9994 [5.6mins/45.0pics] | val Loss:0.8818 Acc:0.8565 [0.3mins/87.0pics]
Epoch:44/90 Lr=0.0010 | train Loss:0.0023 Acc:0.9995 [5.7mins/45.0pics] | val Loss:0.8882 Acc:0.8588 [0.3mins/89.0pics]
save epoch:44 acc:0.8588098016336057
Epoch:45/90 Lr=0.0010 | train Loss:0.0025 Acc:0.9989 [5.7mins/45.0pics] | val Loss:0.8986 Acc:0.8553 [0.3mins/86.0pics]
Epoch:46/90 Lr=0.0010 | train Loss:0.0020 Acc:0.9995 [5.7mins/45.0pics] | val Loss:0.9062 Acc:0.8559 [0.3mins/86.0pics]
Epoch:47/90 Lr=0.0010 | train Loss:0.0016 Acc:0.9995 [5.7mins/45.0pics] | val Loss:0.8993 Acc:0.8536 [0.3mins/86.0pics]
Epoch:48/90 Lr=0.0010 | train Loss:0.0017 Acc:0.9995 [5.7mins/45.0pics] | val Loss:0.9068 Acc:0.8547 [0.3mins/86.0pics]
Epoch:49/90 Lr=0.0010 | train Loss:0.0015 Acc:0.9997 [5.7mins/45.0pics] | val Loss:0.8975 Acc:0.8565 [0.3mins/87.0pics]
Epoch:50/90 Lr=0.0010 | train Loss:0.0019 Acc:0.9994 [5.7mins/45.0pics] | val Loss:0.9139 Acc:0.8571 [0.3mins/87.0pics]
Epoch:51/90 Lr=0.0010 | train Loss:0.0012 Acc:0.9997 [5.7mins/45.0pics] | val Loss:0.9224 Acc:0.8530 [0.3mins/86.0pics]
Epoch:52/90 Lr=0.0010 | train Loss:0.0013 Acc:0.9997 [5.7mins/45.0pics] | val Loss:0.9202 Acc:0.8553 [0.3mins/87.0pics]
Epoch:53/90 Lr=0.0010 | train Loss:0.0012 Acc:0.9995 [5.7mins/45.0pics] | val Loss:0.9249 Acc:0.8530 [0.3mins/87.0pics]
Epoch:54/90 Lr=0.0010 | train Loss:0.0013 Acc:0.9996 [5.7mins/45.0pics] | val Loss:0.9201 Acc:0.8524 [0.3mins/87.0pics]
Epoch:55/90 Lr=0.0010 | train Loss:0.0016 Acc:0.9995 [5.7mins/45.0pics] | val Loss:0.9203 Acc:0.8547 [0.3mins/86.0pics]
Epoch:56/90 Lr=0.0001 | train Loss:0.0014 Acc:0.9994 [5.7mins/45.0pics] | val Loss:0.9500 Acc:0.8530 [0.3mins/87.0pics]
Epoch:57/90 Lr=0.0001 | train Loss:0.0013 Acc:0.9997 [5.7mins/45.0pics] | val Loss:0.9463 Acc:0.8530 [0.3mins/86.0pics]
Epoch:58/90 Lr=0.0001 | train Loss:0.0014 Acc:0.9995 [5.7mins/45.0pics] | val Loss:0.9245 Acc:0.8541 [0.3mins/88.0pics]
Epoch:59/90 Lr=0.0001 | train Loss:0.0014 Acc:0.9996 [5.7mins/45.0pics] | val Loss:0.9332 Acc:0.8530 [0.3mins/87.0pics]
Epoch:60/90 Lr=0.0001 | train Loss:0.0013 Acc:0.9996 [5.6mins/45.0pics] | val Loss:0.9387 Acc:0.8536 [0.3mins/86.0pics]
Epoch:61/90 Lr=0.0001 | train Loss:0.0013 Acc:0.9996 [5.7mins/45.0pics] | val Loss:0.9267 Acc:0.8559 [0.3mins/86.0pics]
Epoch:62/90 Lr=0.0001 | train Loss:0.0016 Acc:0.9996 [5.6mins/45.0pics] | val Loss:0.9262 Acc:0.8553 [0.3mins/89.0pics]
Epoch:63/90 Lr=0.0001 | train Loss:0.0014 Acc:0.9995 [5.7mins/45.0pics] | val Loss:0.9370 Acc:0.8553 [0.3mins/88.0pics]
Epoch:64/90 Lr=0.0001 | train Loss:0.0020 Acc:0.9994 [5.7mins/45.0pics] | val Loss:0.9472 Acc:0.8559 [0.3mins/88.0pics]
Epoch:65/90 Lr=0.0001 | train Loss:0.0011 Acc:0.9997 [5.6mins/45.0pics] | val Loss:0.9314 Acc:0.8547 [0.3mins/89.0pics]
Epoch:66/90 Lr=0.0001 | train Loss:0.0011 Acc:0.9998 [5.6mins/45.0pics] | val Loss:0.9316 Acc:0.8600 [0.3mins/88.0pics]
save epoch:66 acc:0.8599766627771295
Epoch:67/90 Lr=0.0001 | train Loss:0.0011 Acc:0.9997 [5.6mins/45.0pics] | val Loss:0.9313 Acc:0.8530 [0.3mins/87.0pics]
Epoch:68/90 Lr=0.0001 | train Loss:0.0017 Acc:0.9994 [5.6mins/45.0pics] | val Loss:0.9177 Acc:0.8594 [0.3mins/86.0pics]
Epoch:69/90 Lr=0.0001 | train Loss:0.0011 Acc:0.9998 [5.7mins/45.0pics] | val Loss:0.9372 Acc:0.8541 [0.3mins/87.0pics]
Epoch:70/90 Lr=0.0001 | train Loss:0.0015 Acc:0.9995 [5.6mins/45.0pics] | val Loss:0.9413 Acc:0.8565 [0.3mins/87.0pics]
Epoch:71/90 Lr=0.0001 | train Loss:0.0012 Acc:0.9997 [5.7mins/45.0pics] | val Loss:0.9378 Acc:0.8530 [0.3mins/86.0pics]
Epoch:72/90 Lr=0.0001 | train Loss:0.0011 Acc:0.9997 [5.7mins/45.0pics] | val Loss:0.9315 Acc:0.8506 [0.3mins/87.0pics]
Epoch:73/90 Lr=0.0001 | train Loss:0.0010 Acc:0.9997 [5.6mins/45.0pics] | val Loss:0.9446 Acc:0.8559 [0.3mins/86.0pics]
Epoch:74/90 Lr=0.0001 | train Loss:0.0012 Acc:0.9997 [5.7mins/45.0pics] | val Loss:0.9503 Acc:0.8541 [0.3mins/87.0pics]
Epoch:75/90 Lr=0.0001 | train Loss:0.0015 Acc:0.9995 [5.7mins/45.0pics] | val Loss:0.9367 Acc:0.8571 [0.3mins/88.0pics]
Epoch:76/90 Lr=0.0001 | train Loss:0.0013 Acc:0.9996 [5.7mins/45.0pics] | val Loss:0.9457 Acc:0.8565 [0.3mins/86.0pics]
Epoch:77/90 Lr=0.0001 | train Loss:0.0013 Acc:0.9996 [5.7mins/45.0pics] | val Loss:0.9347 Acc:0.8553 [0.3mins/88.0pics]
Epoch:78/90 Lr=0.0001 | train Loss:0.0015 Acc:0.9995 [5.6mins/45.0pics] | val Loss:0.9345 Acc:0.8565 [0.3mins/87.0pics]
Epoch:79/90 Lr=0.0001 | train Loss:0.0014 Acc:0.9996 [5.6mins/45.0pics] | val Loss:0.9457 Acc:0.8571 [0.3mins/86.0pics]
Epoch:80/90 Lr=0.0001 | train Loss:0.0012 Acc:0.9996 [5.6mins/45.0pics] | val Loss:0.9459 Acc:0.8536 [0.3mins/88.0pics]
Epoch:81/90 Lr=0.0000 | train Loss:0.0012 Acc:0.9997 [5.6mins/45.0pics] | val Loss:0.9424 Acc:0.8524 [0.3mins/87.0pics]
Epoch:82/90 Lr=0.0000 | train Loss:0.0012 Acc:0.9997 [5.6mins/45.0pics] | val Loss:0.9401 Acc:0.8518 [0.3mins/88.0pics]
